%このファイルは日本語文字を含みます.
\BOOKMARK [0][-]{chapter.1}{\376\377\136\217\172\340}{}% 1
\BOOKMARK [1][-]{section.1.1}{\376\377\060\157\060\130\060\201\060\153}{chapter.1}% 2
\BOOKMARK [1][-]{section.1.2}{\376\377\212\000\212\236\060\156\151\202\211\201}{chapter.1}% 3
\BOOKMARK [0][-]{chapter.2}{\376\377\227\363\227\373\117\123\174\373}{}% 4
\BOOKMARK [1][-]{section.2.1}{\376\377\133\120\227\363}{chapter.2}% 5
\BOOKMARK [1][-]{section.2.2}{\376\377\153\315\227\363}{chapter.2}% 6
\BOOKMARK [0][-]{chapter.3}{\376\377\146\370\212\030\117\123\174\373}{}% 7
\BOOKMARK [1][-]{section.3.1}{\376\377\145\207\133\127\117\123\174\373}{chapter.3}% 8
\BOOKMARK [1][-]{section.3.2}{\376\377\152\031\156\226\133\127\117\123}{chapter.3}% 9
\BOOKMARK [1][-]{section.3.3}{\376\377\175\004\162\151}{chapter.3}% 10
\BOOKMARK [0][-]{chapter.4}{\376\377\133\120\227\363\060\156\137\171\122\162}{}% 11
\BOOKMARK [1][-]{section.4.1}{\376\377\123\130\212\236\151\313\220\040}{chapter.4}% 12
\BOOKMARK [1][-]{section.4.2}{\376\377\133\120\227\363\151\202\137\365}{chapter.4}% 13
\BOOKMARK [1][-]{section.4.3}{\376\377\212\236\150\071}{chapter.4}% 14
\BOOKMARK [1][-]{section.4.4}{\376\377\212\236\150\071\151\202\137\365}{chapter.4}% 15
\BOOKMARK [1][-]{section.4.5}{\376\377\143\245\217\236}{chapter.4}% 16
\BOOKMARK [0][-]{chapter.5}{\376\377\150\074}{}% 17
\BOOKMARK [1][-]{section.5.1}{\376\377\122\115\177\156\150\074}{chapter.5}% 18
\BOOKMARK [1][-]{section.5.2}{\376\377\137\214\177\156\150\074}{chapter.5}% 19
\BOOKMARK [1][-]{section.5.3}{\376\377\211\007\124\010\150\074}{chapter.5}% 20
\BOOKMARK [1][-]{section.5.4}{\376\377\143\245\230\055\217\236\150\074}{chapter.5}% 21
\BOOKMARK [1][-]{section.5.5}{\376\377\143\245\134\076\217\236\150\074}{chapter.5}% 22
\BOOKMARK [0][-]{chapter.6}{\376\377\124\301\212\136}{}% 23
\BOOKMARK [1][-]{section.6.1}{\376\377\124\301\212\136\122\006\230\136}{chapter.6}% 24
\BOOKMARK [0][-]{chapter.7}{\376\377\145\207\151\313\220\040}{}% 25
\BOOKMARK [1][-]{section.7.1}{\376\377\127\372\147\054\145\207\127\213}{chapter.7}% 26
\BOOKMARK [1][-]{section.7.2}{\376\377\211\007\145\207\060\150\137\223\134\136\145\207}{chapter.7}% 27
\BOOKMARK [1][-]{section.7.3}{\376\377\124\046\133\232\145\207\060\150\165\221\125\117\145\207}{chapter.7}% 28
\BOOKMARK [1][-]{section.7.4}{\376\377\137\067\212\277\060\150\161\046\160\271}{chapter.7}% 29
\BOOKMARK [0][-]{chapter.8}{\376\377\162\171\153\212\151\313\145\207}{}% 30
\BOOKMARK [1][-]{section.8.1}{\376\377\123\327\122\325\141\113}{chapter.8}% 31
\BOOKMARK [1][-]{section.8.2}{\376\377\200\375\122\325\141\113\060\150\116\055\122\325\141\113}{chapter.8}% 32
\BOOKMARK [1][-]{section.8.3}{\376\377\124\175\116\344\145\207}{chapter.8}% 33
\BOOKMARK [0][-]{chapter.9}{\376\377\217\236\146\370\060\156\117\177\165\050\145\271\154\325}{}% 34
\BOOKMARK [1][-]{section.9.1}{\376\377\217\236\146\370\060\156\117\177\165\050\145\271\154\325}{chapter.9}% 35
\BOOKMARK [1][-]{section.9.2}{\376\377\145\260\212\236\137\131\060\156\165\037\142\020\211\217\122\107}{chapter.9}% 36
\BOOKMARK [0][-]{chapter.10}{\376\377\116\330\223\062}{}% 37
\BOOKMARK [1][-]{section.10.1}{\376\377\221\315\211\201\060\152\212\236\123\345}{chapter.10}% 38
\BOOKMARK [0][-]{chapter.11}{\376\377\155\073\165\050\126\363\210\150}{}% 39
\BOOKMARK [1][-]{section.11.1}{\376\377\226\104\212\136\155\073\165\050\126\363\210\150}{chapter.11}% 40
\BOOKMARK [1][-]{section.11.2}{\376\377\122\325\212\136\155\073\165\050\126\363\210\150}{chapter.11}% 41
\BOOKMARK [1][-]{section.11.3}{\376\377\133\271\212\136\155\073\165\050\126\363\210\150}{chapter.11}% 42
\BOOKMARK [1][-]{section.11.4}{\376\377\122\251\212\136\155\073\165\050\126\363\210\150}{chapter.11}% 43
\BOOKMARK [1][-]{section.11.5}{\376\377\122\157\212\136\155\073\165\050\126\363\210\150}{chapter.11}% 44
\BOOKMARK [1][-]{section.11.6}{\376\377\124\015\212\136\155\073\165\050\126\363\210\150}{chapter.11}% 45
